


ARM Macro Assembler    Page 1 


    1 00000000         ;Program to add two 128-bit numbers
    2 00000000                 AREA             add128, CODE, READONLY
    3 00000000 E59F0080        LDR              R0, =L1NUM1
    4 00000004 E59F1080        LDR              R1, =L2NUM1
    5 00000008 E59F2080        LDR              R2, =L1NUM2
    6 0000000C E59F3080        LDR              R3, =L2NUM2
    7 00000010 E59FA080        LDR              R10, =L1RESULT
    8 00000014 E59FB080        LDR              R11, =L2RESULT
    9 00000018 E59FC080        LDR              R12, =U1RESULT
   10 0000001C E59FD080        LDR              R13, =U2RESULT
   11 00000020         
   12 00000020 E4904008        LDR              R4, [R0], #8
   13 00000024 E4915008        LDR              R5, [R1], #8
   14 00000028 E4926008        LDR              R6, [R2], #8
   15 0000002C E4937008        LDR              R7, [R3], #8
   16 00000030         
   17 00000030 E0948006        ADDS             R8, R4, R6
   18 00000034 E0B59007        ADCS             R9, R5, R7
   19 00000038 E58A8000        STR              R8, [R10]
   20 0000003C E58B9000        STR              R9, [R11]
   21 00000040         
   22 00000040 E5904000        LDR              R4, [R0]
   23 00000044 E5915000        LDR              R5, [R1]
   24 00000048 E5926000        LDR              R6, [R2]
   25 0000004C E5937000        LDR              R7, [R3]
   26 00000050         
   27 00000050 E0B48006        ADCS             R8, R4, R6
   28 00000054 E0A59007        ADC              R9, R5, R7
   29 00000058         
   30 00000058 E58C8000        STR              R8, [R12]
   31 0000005C E58D9000        STR              R9, [R13]
   32 00000060 E1A00000        NOP
   33 00000064 E1A00000        NOP
   34 00000068 11111111 
                       L1NUM1  DCD              0x11111111
   35 0000006C 11111111 
                       L2NUM1  DCD              0x11111111
   36 00000070 11111111 
                       U1NUM1  DCD              0x11111111
   37 00000074 11111111 
                       U2NUM1  DCD              0x11111111
   38 00000078 11111111 
                       L1NUM2  DCD              0x11111111
   39 0000007C 11111111 
                       L2NUM2  DCD              0x11111111
   40 00000080 11111111 
                       U1NUM2  DCD              0x11111111
   41 00000084 11111111 
                       U2NUM2  DCD              0x11111111
   42 00000088 00000000 
              00000000 
              00000000 
              00000000 
              00000000 
              00000000 
              00000000 
              00000000         AREA             data1, DATA, READWRITE
   43 00000000 00000000 
                       L1RESULT



ARM Macro Assembler    Page 2 


                               DCD              0x0
   44 00000004 00000000 
                       L2RESULT
                               DCD              0x0
   45 00000008 00000000 
                       U1RESULT
                               DCD              0x0
   46 0000000C 00000000 
                       U2RESULT
                               DCD              0x0
   47 00000010         
   48 00000010                 END
Command Line: --debug --xref --diag_suppress=9931 --apcs=interwork --depend=.\o
bjects\add128.d -o.\objects\add128.o -IC:\Keil_v5\ARM\RV31\INC -IC:\Keil_v5\ARM
\CMSIS\Include -IC:\Keil_v5\ARM\Inc\Philips --predefine="__EVAL SETA 1" --prede
fine="__UVISION_VERSION SETA 520" --list=.\listings\add128.lst add128.s



ARM Macro Assembler    Page 1 Alphabetic symbol ordering
Relocatable symbols

L1NUM1 00000068

Symbol: L1NUM1
   Definitions
      At line 34 in file add128.s
   Uses
      At line 3 in file add128.s
Comment: L1NUM1 used once
L1NUM2 00000078

Symbol: L1NUM2
   Definitions
      At line 38 in file add128.s
   Uses
      At line 5 in file add128.s
Comment: L1NUM2 used once
L2NUM1 0000006C

Symbol: L2NUM1
   Definitions
      At line 35 in file add128.s
   Uses
      At line 4 in file add128.s
Comment: L2NUM1 used once
L2NUM2 0000007C

Symbol: L2NUM2
   Definitions
      At line 39 in file add128.s
   Uses
      At line 6 in file add128.s
Comment: L2NUM2 used once
U1NUM1 00000070

Symbol: U1NUM1
   Definitions
      At line 36 in file add128.s
   Uses
      None
Comment: U1NUM1 unused
U1NUM2 00000080

Symbol: U1NUM2
   Definitions
      At line 40 in file add128.s
   Uses
      None
Comment: U1NUM2 unused
U2NUM1 00000074

Symbol: U2NUM1
   Definitions
      At line 37 in file add128.s
   Uses
      None
Comment: U2NUM1 unused
U2NUM2 00000084

Symbol: U2NUM2



ARM Macro Assembler    Page 2 Alphabetic symbol ordering
Relocatable symbols

   Definitions
      At line 41 in file add128.s
   Uses
      None
Comment: U2NUM2 unused
add128 00000000

Symbol: add128
   Definitions
      At line 2 in file add128.s
   Uses
      None
Comment: add128 unused
9 symbols



ARM Macro Assembler    Page 1 Alphabetic symbol ordering
Relocatable symbols

L1RESULT 00000000

Symbol: L1RESULT
   Definitions
      At line 43 in file add128.s
   Uses
      At line 7 in file add128.s
Comment: L1RESULT used once
L2RESULT 00000004

Symbol: L2RESULT
   Definitions
      At line 44 in file add128.s
   Uses
      At line 8 in file add128.s
Comment: L2RESULT used once
U1RESULT 00000008

Symbol: U1RESULT
   Definitions
      At line 45 in file add128.s
   Uses
      At line 9 in file add128.s
Comment: U1RESULT used once
U2RESULT 0000000C

Symbol: U2RESULT
   Definitions
      At line 46 in file add128.s
   Uses
      At line 10 in file add128.s
Comment: U2RESULT used once
data1 00000000

Symbol: data1
   Definitions
      At line 42 in file add128.s
   Uses
      None
Comment: data1 unused
5 symbols
348 symbols in table
