


ARM Macro Assembler    Page 1 


    1 00000000                 AREA             sumAlternate, CODE, READONLY
    2 00000000 E59F0038        LDR              R0,=ARR
    3 00000004 E59F9038        LDR              R9,=RESULT
    4 00000008 E3A01005        MOV              R1,#05      ;COUNT=5
    5 0000000C E3A04000        MOV              R4,#00      ;SUM=0
    6 00000010 E4902008 
                       NEXTELE LDR              R2,[R0],#08
    7 00000014 E0944002        ADDS             R4,R4,R2
    8 00000018 E2511002        SUBS             R1,R1,#02
    9 0000001C DAFFFFFE        BLE              1
   10 00000020 EAFFFFFA        B                NEXTELE
   11 00000024 E5894000        STR              R4,[R9]
   12 00000028 E1A00000        NOP
   13 0000002C 00000001 
              00000002 
              00000003 
              00000004 
              00000005 ARR     DCD              0X1, 0X2, 0X3, 0X4, 0X5
   14 00000040 00000000 
              00000000         AREA             data1,DATA,READWRITE
   15 00000000 00000000 
                       RESULT  DCD              0X0
   16 00000004                 END
Command Line: --debug --xref --diag_suppress=9931 --apcs=interwork --depend=.\o
bjects\sumalternate.d -o.\objects\sumalternate.o -ID:\Kiel-5\ARM\RV31\INC -ID:\
Kiel-5\ARM\CMSIS\Include -ID:\Kiel-5\ARM\Inc\Philips --predefine="__EVAL SETA 1
" --predefine="__UVISION_VERSION SETA 520" --list=.\listings\sumalternate.lst s
umAlternate.s



ARM Macro Assembler    Page 1 Alphabetic symbol ordering
Relocatable symbols

ARR 0000002C

Symbol: ARR
   Definitions
      At line 13 in file sumAlternate.s
   Uses
      At line 2 in file sumAlternate.s
Comment: ARR used once
NEXTELE 00000010

Symbol: NEXTELE
   Definitions
      At line 6 in file sumAlternate.s
   Uses
      At line 10 in file sumAlternate.s
Comment: NEXTELE used once
sumAlternate 00000000

Symbol: sumAlternate
   Definitions
      At line 1 in file sumAlternate.s
   Uses
      None
Comment: sumAlternate unused
3 symbols



ARM Macro Assembler    Page 1 Alphabetic symbol ordering
Relocatable symbols

RESULT 00000000

Symbol: RESULT
   Definitions
      At line 15 in file sumAlternate.s
   Uses
      At line 3 in file sumAlternate.s
Comment: RESULT used once
data1 00000000

Symbol: data1
   Definitions
      At line 14 in file sumAlternate.s
   Uses
      None
Comment: data1 unused
2 symbols
339 symbols in table
