


ARM Macro Assembler    Page 1 


    1 00000000                 AREA             evenoddarray,CODE,READONLY
    2 00000000 E59F0050        LDR              R0,=ARR
    3 00000004 E59F1050        LDR              R1,=EVEN
    4 00000008 E59F2050        LDR              R2,=ODD
    5 0000000C E3A03005        MOV              R3,#05      ;NO OF ELEMENTS
    6 00000010 E4904004 
                       NEXTNUM LDR              R4,[R0],#4
    7 00000014 E1A07004        MOV              R7,R4
    8 00000018 E1B040A4        MOVS             R4,R4,LSR #1
    9 0000001C 2A000002        BCS              ENTERODD
   10 00000020 E2855001        ADD              R5,R5,#01
   11 00000024 E4817004        STR              R7,[R1], #4
   12 00000028 EA000001        B                NEXT
   13 0000002C E2866001 
                       ENTERODD
                               ADD              R6,R6,#1
   14 00000030 E4827004        STR              R7,[R2], #4
   15 00000034 E2533001 
                       NEXT    SUBS             R3,R3,#1
   16 00000038 1AFFFFF4        BNE              NEXTNUM
   17 0000003C E1A00000        NOP
   18 00000040 E1A00000        NOP
   19 00000044 00000001 
              00000002 
              00000003 
              00000004 
              00000005 ARR     DCD              0X1, 0X2, 0X3, 0X4, 0X5
   20 00000058 00000000 
              00000000 
              00000000         AREA             data1,DATA,READWRITE
   21 00000000 00000000 
              00000000 
              00000000 
              00000000 
              00000000 EVEN    DCD              0X0, 0X0, 0X0, 0X0, 0X0
   22 00000014 00000000 
              00000000 
              00000000 
              00000000 
              00000000 ODD     DCD              0X0, 0X0, 0X0, 0X0, 0X0
   23 00000028                 END
Command Line: --debug --xref --diag_suppress=9931 --apcs=interwork --depend=.\o
bjects\evenoddarray.d -o.\objects\evenoddarray.o -ID:\Kiel-5\ARM\RV31\INC -ID:\
Kiel-5\ARM\CMSIS\Include -ID:\Kiel-5\ARM\Inc\Philips --predefine="__EVAL SETA 1
" --predefine="__UVISION_VERSION SETA 520" --list=.\listings\evenoddarray.lst E
venOddArray.s



ARM Macro Assembler    Page 1 Alphabetic symbol ordering
Relocatable symbols

ARR 00000044

Symbol: ARR
   Definitions
      At line 19 in file EvenOddArray.s
   Uses
      At line 2 in file EvenOddArray.s
Comment: ARR used once
ENTERODD 0000002C

Symbol: ENTERODD
   Definitions
      At line 13 in file EvenOddArray.s
   Uses
      At line 9 in file EvenOddArray.s
Comment: ENTERODD used once
NEXT 00000034

Symbol: NEXT
   Definitions
      At line 15 in file EvenOddArray.s
   Uses
      At line 12 in file EvenOddArray.s
Comment: NEXT used once
NEXTNUM 00000010

Symbol: NEXTNUM
   Definitions
      At line 6 in file EvenOddArray.s
   Uses
      At line 16 in file EvenOddArray.s
Comment: NEXTNUM used once
evenoddarray 00000000

Symbol: evenoddarray
   Definitions
      At line 1 in file EvenOddArray.s
   Uses
      None
Comment: evenoddarray unused
5 symbols



ARM Macro Assembler    Page 1 Alphabetic symbol ordering
Relocatable symbols

EVEN 00000000

Symbol: EVEN
   Definitions
      At line 21 in file EvenOddArray.s
   Uses
      At line 3 in file EvenOddArray.s
Comment: EVEN used once
ODD 00000014

Symbol: ODD
   Definitions
      At line 22 in file EvenOddArray.s
   Uses
      At line 4 in file EvenOddArray.s
Comment: ODD used once
data1 00000000

Symbol: data1
   Definitions
      At line 20 in file EvenOddArray.s
   Uses
      None
Comment: data1 unused
3 symbols
342 symbols in table
